28-02-2026 15:48:06.747 [background-preinit] [-] INFO  api-gateway-o.h.validator.internal.util.Version.<clinit> - HV000001: Hibernate Validator 8.0.1.Final
28-02-2026 15:48:06.908 [main] [-] INFO  api-gateway-c.m.a.ApiGatewayApplication.logStarting - Starting ApiGatewayApplication using Java 23 with PID 27120 (C:\Spring\eCommerce_\api-gateway\target\classes started by hp in C:\Spring\eCommerce_)
28-02-2026 15:48:06.912 [main] [-] INFO  api-gateway-c.m.a.ApiGatewayApplication.logStartupProfileInfo - No active profile set, falling back to 1 default profile: "default"
28-02-2026 15:48:07.156 [main] [-] INFO  api-gateway-o.s.c.c.c.ConfigServerConfigDataLoader.logTo - Fetching config from server at : http://localhost:8888
28-02-2026 15:48:07.157 [main] [-] INFO  api-gateway-o.s.c.c.c.ConfigServerConfigDataLoader.logTo - Located environment: name=api-gateway, profiles=[default], label=null, version=2fc7e0e9cc8fe58af53ab266befadaa2c6905193, state=
28-02-2026 15:48:10.799 [main] [-] INFO  api-gateway-o.s.cloud.context.scope.GenericScope.setSerializationId - BeanFactory id=ee7e1a7f-d7c5-32a5-b774-6f506dd4c3e8
28-02-2026 15:48:11.045 [main] [-] WARN  api-gateway-o.s.c.s.PostProcessorRegistrationDelegate$BeanPostProcessorChecker.postProcessAfterInitialization - Bean 'org.springframework.cloud.client.loadbalancer.LoadBalancerAutoConfiguration$DeferringLoadBalancerInterceptorConfig' of type [org.springframework.cloud.client.loadbalancer.LoadBalancerAutoConfiguration$DeferringLoadBalancerInterceptorConfig] is not eligible for getting processed by all BeanPostProcessors (for example: not eligible for auto-proxying). The currently created BeanPostProcessor [lbRestClientPostProcessor] is declared through a non-static factory method on that class; consider declaring it as static instead.
28-02-2026 15:48:11.053 [main] [-] WARN  api-gateway-o.s.c.s.PostProcessorRegistrationDelegate$BeanPostProcessorChecker.postProcessAfterInitialization - Bean 'deferringLoadBalancerInterceptor' of type [org.springframework.cloud.client.loadbalancer.DeferringLoadBalancerInterceptor] is not eligible for getting processed by all BeanPostProcessors (for example: not eligible for auto-proxying). Is this bean getting eagerly injected into a currently created BeanPostProcessor [lbRestClientPostProcessor]? Check the corresponding BeanPostProcessor declaration and its dependencies.
28-02-2026 15:48:11.059 [main] [-] WARN  api-gateway-o.s.c.s.PostProcessorRegistrationDelegate$BeanPostProcessorChecker.postProcessAfterInitialization - Bean 'org.springframework.cloud.client.loadbalancer.reactive.LoadBalancerBeanPostProcessorAutoConfiguration' of type [org.springframework.cloud.client.loadbalancer.reactive.LoadBalancerBeanPostProcessorAutoConfiguration] is not eligible for getting processed by all BeanPostProcessors (for example: not eligible for auto-proxying). The currently created BeanPostProcessor [loadBalancerWebClientBuilderBeanPostProcessor] is declared through a non-static factory method on that class; consider declaring it as static instead.
28-02-2026 15:48:11.063 [main] [-] WARN  api-gateway-o.s.c.s.PostProcessorRegistrationDelegate$BeanPostProcessorChecker.postProcessAfterInitialization - Bean 'org.springframework.cloud.client.loadbalancer.reactive.LoadBalancerBeanPostProcessorAutoConfiguration$ReactorDeferringLoadBalancerFilterConfig' of type [org.springframework.cloud.client.loadbalancer.reactive.LoadBalancerBeanPostProcessorAutoConfiguration$ReactorDeferringLoadBalancerFilterConfig] is not eligible for getting processed by all BeanPostProcessors (for example: not eligible for auto-proxying). Is this bean getting eagerly injected into a currently created BeanPostProcessor [loadBalancerWebClientBuilderBeanPostProcessor]? Check the corresponding BeanPostProcessor declaration and its dependencies.
28-02-2026 15:48:11.068 [main] [-] WARN  api-gateway-o.s.c.s.PostProcessorRegistrationDelegate$BeanPostProcessorChecker.postProcessAfterInitialization - Bean 'reactorDeferringLoadBalancerExchangeFilterFunction' of type [org.springframework.cloud.client.loadbalancer.reactive.DeferringLoadBalancerExchangeFilterFunction] is not eligible for getting processed by all BeanPostProcessors (for example: not eligible for auto-proxying). Is this bean getting eagerly injected into a currently created BeanPostProcessor [loadBalancerWebClientBuilderBeanPostProcessor]? Check the corresponding BeanPostProcessor declaration and its dependencies.
28-02-2026 15:48:15.118 [main] [-] INFO  api-gateway-o.s.c.g.r.RouteDefinitionRouteLocator.lambda$initFactories$1 - Loaded RoutePredicateFactory [After]
28-02-2026 15:48:15.119 [main] [-] INFO  api-gateway-o.s.c.g.r.RouteDefinitionRouteLocator.lambda$initFactories$1 - Loaded RoutePredicateFactory [Before]
28-02-2026 15:48:15.120 [main] [-] INFO  api-gateway-o.s.c.g.r.RouteDefinitionRouteLocator.lambda$initFactories$1 - Loaded RoutePredicateFactory [Between]
28-02-2026 15:48:15.120 [main] [-] INFO  api-gateway-o.s.c.g.r.RouteDefinitionRouteLocator.lambda$initFactories$1 - Loaded RoutePredicateFactory [Cookie]
28-02-2026 15:48:15.121 [main] [-] INFO  api-gateway-o.s.c.g.r.RouteDefinitionRouteLocator.lambda$initFactories$1 - Loaded RoutePredicateFactory [Header]
28-02-2026 15:48:15.121 [main] [-] INFO  api-gateway-o.s.c.g.r.RouteDefinitionRouteLocator.lambda$initFactories$1 - Loaded RoutePredicateFactory [Host]
28-02-2026 15:48:15.121 [main] [-] INFO  api-gateway-o.s.c.g.r.RouteDefinitionRouteLocator.lambda$initFactories$1 - Loaded RoutePredicateFactory [Method]
28-02-2026 15:48:15.121 [main] [-] INFO  api-gateway-o.s.c.g.r.RouteDefinitionRouteLocator.lambda$initFactories$1 - Loaded RoutePredicateFactory [Path]
28-02-2026 15:48:15.122 [main] [-] INFO  api-gateway-o.s.c.g.r.RouteDefinitionRouteLocator.lambda$initFactories$1 - Loaded RoutePredicateFactory [Query]
28-02-2026 15:48:15.122 [main] [-] INFO  api-gateway-o.s.c.g.r.RouteDefinitionRouteLocator.lambda$initFactories$1 - Loaded RoutePredicateFactory [ReadBody]
28-02-2026 15:48:15.123 [main] [-] INFO  api-gateway-o.s.c.g.r.RouteDefinitionRouteLocator.lambda$initFactories$1 - Loaded RoutePredicateFactory [RemoteAddr]
28-02-2026 15:48:15.123 [main] [-] INFO  api-gateway-o.s.c.g.r.RouteDefinitionRouteLocator.lambda$initFactories$1 - Loaded RoutePredicateFactory [XForwardedRemoteAddr]
28-02-2026 15:48:15.123 [main] [-] INFO  api-gateway-o.s.c.g.r.RouteDefinitionRouteLocator.lambda$initFactories$1 - Loaded RoutePredicateFactory [Weight]
28-02-2026 15:48:15.124 [main] [-] INFO  api-gateway-o.s.c.g.r.RouteDefinitionRouteLocator.lambda$initFactories$1 - Loaded RoutePredicateFactory [CloudFoundryRouteService]
28-02-2026 15:48:15.963 [main] [-] INFO  api-gateway-o.s.b.a.e.web.EndpointLinksResolver.<init> - Exposing 1 endpoint(s) beneath base path '/actuator'
28-02-2026 15:48:18.842 [main] [-] INFO  api-gateway-o.s.c.n.e.c.DiscoveryClientOptionalArgsConfiguration.restTemplateDiscoveryClientOptionalArgs - Eureka HTTP Client uses RestTemplate.
28-02-2026 15:48:19.006 [main] [-] WARN  api-gateway-o.s.c.l.c.LoadBalancerCacheAutoConfiguration$LoadBalancerCaffeineWarnLogger.afterPropertiesSet - Spring Cloud LoadBalancer is currently working with the default cache. While this cache implementation is useful for development and tests, it's recommended to use Caffeine cache in production.You can switch to using Caffeine cache, by adding it and org.springframework.cache.caffeine.CaffeineCacheManager to the classpath.
28-02-2026 15:48:19.335 [main] [-] INFO  api-gateway-o.s.c.n.eureka.InstanceInfoFactory.create - Setting initial instance status as: STARTING
28-02-2026 15:48:19.457 [main] [-] INFO  api-gateway-c.netflix.discovery.DiscoveryClient.<init> - Initializing Eureka in region us-east-1
28-02-2026 15:48:19.469 [main] [-] INFO  api-gateway-c.n.d.s.r.aws.ConfigClusterResolver.getClusterEndpoints - Resolving eureka endpoints via configuration
28-02-2026 15:48:19.497 [main] [-] INFO  api-gateway-c.netflix.discovery.DiscoveryClient.fetchRegistry - Disable delta property : false
28-02-2026 15:48:19.498 [main] [-] INFO  api-gateway-c.netflix.discovery.DiscoveryClient.fetchRegistry - Single vip registry refresh property : null
28-02-2026 15:48:19.499 [main] [-] INFO  api-gateway-c.netflix.discovery.DiscoveryClient.fetchRegistry - Force full registry fetch : false
28-02-2026 15:48:19.500 [main] [-] INFO  api-gateway-c.netflix.discovery.DiscoveryClient.fetchRegistry - Application is null : false
28-02-2026 15:48:19.501 [main] [-] INFO  api-gateway-c.netflix.discovery.DiscoveryClient.fetchRegistry - Registered Applications size is zero : true
28-02-2026 15:48:19.501 [main] [-] INFO  api-gateway-c.netflix.discovery.DiscoveryClient.fetchRegistry - Application version is -1: true
28-02-2026 15:48:19.501 [main] [-] INFO  api-gateway-c.netflix.discovery.DiscoveryClient.getAndStoreFullRegistry - Getting all instance registry info from the eureka server
28-02-2026 15:48:21.712 [main] [-] INFO  api-gateway-c.netflix.discovery.DiscoveryClient.getAndStoreFullRegistry - The response status is 200
28-02-2026 15:48:21.718 [main] [-] INFO  api-gateway-c.netflix.discovery.DiscoveryClient.initScheduledTasks - Starting heartbeat executor: renew interval is: 30
28-02-2026 15:48:21.723 [main] [-] INFO  api-gateway-c.n.discovery.InstanceInfoReplicator.<init> - InstanceInfoReplicator onDemand update allowed rate per min is 4
28-02-2026 15:48:21.728 [main] [-] INFO  api-gateway-c.netflix.discovery.DiscoveryClient.<init> - Discovery Client initialized at timestamp 1772273901727 with initial instances count: 1
28-02-2026 15:48:21.741 [main] [-] INFO  api-gateway-o.s.c.n.e.s.EurekaServiceRegistry.register - Registering application API-GATEWAY with eureka with status UP
28-02-2026 15:48:21.744 [main] [-] INFO  api-gateway-c.netflix.discovery.DiscoveryClient.notify - Saw local status change event StatusChangeEvent [timestamp=1772273901744, current=UP, previous=STARTING]
28-02-2026 15:48:21.750 [DiscoveryClient-InstanceInfoReplicator-%d] [-] INFO  api-gateway-c.netflix.discovery.DiscoveryClient.register - DiscoveryClient_API-GATEWAY/DESKTOP-H3FHSHP.mshome.net:api-gateway: registering service...
28-02-2026 15:48:21.930 [DiscoveryClient-InstanceInfoReplicator-%d] [-] INFO  api-gateway-c.netflix.discovery.DiscoveryClient.register - DiscoveryClient_API-GATEWAY/DESKTOP-H3FHSHP.mshome.net:api-gateway - registration status: 204
28-02-2026 15:48:22.560 [main] [-] INFO  api-gateway-o.s.b.w.e.netty.NettyWebServer.start - Netty started on port 8080
28-02-2026 15:48:22.564 [main] [-] INFO  api-gateway-o.s.c.n.e.s.EurekaAutoServiceRegistration.onApplicationEvent - Updating port to 8080
28-02-2026 15:48:22.704 [main] [-] INFO  api-gateway-c.m.a.ApiGatewayApplication.logStarted - Started ApiGatewayApplication in 23.825 seconds (process running for 25.619)
28-02-2026 15:53:19.540 [AsyncResolver-bootstrap-executor-%d] [-] INFO  api-gateway-c.n.d.s.r.aws.ConfigClusterResolver.getClusterEndpoints - Resolving eureka endpoints via configuration
28-02-2026 15:58:19.592 [AsyncResolver-bootstrap-executor-%d] [-] INFO  api-gateway-c.n.d.s.r.aws.ConfigClusterResolver.getClusterEndpoints - Resolving eureka endpoints via configuration
28-02-2026 16:03:19.650 [AsyncResolver-bootstrap-executor-%d] [-] INFO  api-gateway-c.n.d.s.r.aws.ConfigClusterResolver.getClusterEndpoints - Resolving eureka endpoints via configuration
28-02-2026 16:08:19.710 [AsyncResolver-bootstrap-executor-%d] [-] INFO  api-gateway-c.n.d.s.r.aws.ConfigClusterResolver.getClusterEndpoints - Resolving eureka endpoints via configuration
28-02-2026 16:13:19.763 [AsyncResolver-bootstrap-executor-%d] [-] INFO  api-gateway-c.n.d.s.r.aws.ConfigClusterResolver.getClusterEndpoints - Resolving eureka endpoints via configuration
28-02-2026 16:18:19.820 [AsyncResolver-bootstrap-executor-%d] [-] INFO  api-gateway-c.n.d.s.r.aws.ConfigClusterResolver.getClusterEndpoints - Resolving eureka endpoints via configuration
28-02-2026 16:23:19.921 [AsyncResolver-bootstrap-executor-%d] [-] INFO  api-gateway-c.n.d.s.r.aws.ConfigClusterResolver.getClusterEndpoints - Resolving eureka endpoints via configuration
28-02-2026 16:28:20.002 [AsyncResolver-bootstrap-executor-%d] [-] INFO  api-gateway-c.n.d.s.r.aws.ConfigClusterResolver.getClusterEndpoints - Resolving eureka endpoints via configuration
28-02-2026 16:33:20.096 [AsyncResolver-bootstrap-executor-%d] [-] INFO  api-gateway-c.n.d.s.r.aws.ConfigClusterResolver.getClusterEndpoints - Resolving eureka endpoints via configuration
28-02-2026 16:38:20.142 [AsyncResolver-bootstrap-executor-%d] [-] INFO  api-gateway-c.n.d.s.r.aws.ConfigClusterResolver.getClusterEndpoints - Resolving eureka endpoints via configuration
28-02-2026 16:43:20.188 [AsyncResolver-bootstrap-executor-%d] [-] INFO  api-gateway-c.n.d.s.r.aws.ConfigClusterResolver.getClusterEndpoints - Resolving eureka endpoints via configuration
28-02-2026 16:48:20.264 [AsyncResolver-bootstrap-executor-%d] [-] INFO  api-gateway-c.n.d.s.r.aws.ConfigClusterResolver.getClusterEndpoints - Resolving eureka endpoints via configuration
28-02-2026 16:53:20.299 [AsyncResolver-bootstrap-executor-%d] [-] INFO  api-gateway-c.n.d.s.r.aws.ConfigClusterResolver.getClusterEndpoints - Resolving eureka endpoints via configuration
28-02-2026 16:58:20.380 [AsyncResolver-bootstrap-executor-%d] [-] INFO  api-gateway-c.n.d.s.r.aws.ConfigClusterResolver.getClusterEndpoints - Resolving eureka endpoints via configuration
28-02-2026 17:03:20.433 [AsyncResolver-bootstrap-executor-%d] [-] INFO  api-gateway-c.n.d.s.r.aws.ConfigClusterResolver.getClusterEndpoints - Resolving eureka endpoints via configuration
28-02-2026 17:08:20.475 [AsyncResolver-bootstrap-executor-%d] [-] INFO  api-gateway-c.n.d.s.r.aws.ConfigClusterResolver.getClusterEndpoints - Resolving eureka endpoints via configuration
28-02-2026 17:13:20.513 [AsyncResolver-bootstrap-executor-%d] [-] INFO  api-gateway-c.n.d.s.r.aws.ConfigClusterResolver.getClusterEndpoints - Resolving eureka endpoints via configuration
28-02-2026 17:18:20.571 [AsyncResolver-bootstrap-executor-%d] [-] INFO  api-gateway-c.n.d.s.r.aws.ConfigClusterResolver.getClusterEndpoints - Resolving eureka endpoints via configuration
28-02-2026 17:23:20.614 [AsyncResolver-bootstrap-executor-%d] [-] INFO  api-gateway-c.n.d.s.r.aws.ConfigClusterResolver.getClusterEndpoints - Resolving eureka endpoints via configuration
28-02-2026 17:28:20.688 [AsyncResolver-bootstrap-executor-%d] [-] INFO  api-gateway-c.n.d.s.r.aws.ConfigClusterResolver.getClusterEndpoints - Resolving eureka endpoints via configuration
28-02-2026 17:33:20.734 [AsyncResolver-bootstrap-executor-%d] [-] INFO  api-gateway-c.n.d.s.r.aws.ConfigClusterResolver.getClusterEndpoints - Resolving eureka endpoints via configuration
28-02-2026 17:38:20.776 [AsyncResolver-bootstrap-executor-%d] [-] INFO  api-gateway-c.n.d.s.r.aws.ConfigClusterResolver.getClusterEndpoints - Resolving eureka endpoints via configuration
28-02-2026 17:43:20.819 [AsyncResolver-bootstrap-executor-%d] [-] INFO  api-gateway-c.n.d.s.r.aws.ConfigClusterResolver.getClusterEndpoints - Resolving eureka endpoints via configuration
28-02-2026 17:48:20.896 [AsyncResolver-bootstrap-executor-%d] [-] INFO  api-gateway-c.n.d.s.r.aws.ConfigClusterResolver.getClusterEndpoints - Resolving eureka endpoints via configuration
28-02-2026 17:53:20.966 [AsyncResolver-bootstrap-executor-%d] [-] INFO  api-gateway-c.n.d.s.r.aws.ConfigClusterResolver.getClusterEndpoints - Resolving eureka endpoints via configuration
28-02-2026 17:58:21.009 [AsyncResolver-bootstrap-executor-%d] [-] INFO  api-gateway-c.n.d.s.r.aws.ConfigClusterResolver.getClusterEndpoints - Resolving eureka endpoints via configuration
28-02-2026 18:03:21.067 [AsyncResolver-bootstrap-executor-%d] [-] INFO  api-gateway-c.n.d.s.r.aws.ConfigClusterResolver.getClusterEndpoints - Resolving eureka endpoints via configuration
28-02-2026 18:08:21.135 [AsyncResolver-bootstrap-executor-%d] [-] INFO  api-gateway-c.n.d.s.r.aws.ConfigClusterResolver.getClusterEndpoints - Resolving eureka endpoints via configuration
28-02-2026 18:13:21.175 [AsyncResolver-bootstrap-executor-%d] [-] INFO  api-gateway-c.n.d.s.r.aws.ConfigClusterResolver.getClusterEndpoints - Resolving eureka endpoints via configuration
28-02-2026 18:18:21.277 [AsyncResolver-bootstrap-executor-%d] [-] INFO  api-gateway-c.n.d.s.r.aws.ConfigClusterResolver.getClusterEndpoints - Resolving eureka endpoints via configuration
28-02-2026 18:23:21.330 [AsyncResolver-bootstrap-executor-%d] [-] INFO  api-gateway-c.n.d.s.r.aws.ConfigClusterResolver.getClusterEndpoints - Resolving eureka endpoints via configuration
28-02-2026 18:28:21.387 [AsyncResolver-bootstrap-executor-%d] [-] INFO  api-gateway-c.n.d.s.r.aws.ConfigClusterResolver.getClusterEndpoints - Resolving eureka endpoints via configuration
28-02-2026 18:33:21.434 [AsyncResolver-bootstrap-executor-%d] [-] INFO  api-gateway-c.n.d.s.r.aws.ConfigClusterResolver.getClusterEndpoints - Resolving eureka endpoints via configuration
28-02-2026 18:38:21.472 [AsyncResolver-bootstrap-executor-%d] [-] INFO  api-gateway-c.n.d.s.r.aws.ConfigClusterResolver.getClusterEndpoints - Resolving eureka endpoints via configuration
28-02-2026 18:43:21.571 [AsyncResolver-bootstrap-executor-%d] [-] INFO  api-gateway-c.n.d.s.r.aws.ConfigClusterResolver.getClusterEndpoints - Resolving eureka endpoints via configuration
28-02-2026 18:48:21.644 [AsyncResolver-bootstrap-executor-%d] [-] INFO  api-gateway-c.n.d.s.r.aws.ConfigClusterResolver.getClusterEndpoints - Resolving eureka endpoints via configuration
28-02-2026 18:53:21.703 [AsyncResolver-bootstrap-executor-%d] [-] INFO  api-gateway-c.n.d.s.r.aws.ConfigClusterResolver.getClusterEndpoints - Resolving eureka endpoints via configuration
28-02-2026 18:58:21.818 [AsyncResolver-bootstrap-executor-%d] [-] INFO  api-gateway-c.n.d.s.r.aws.ConfigClusterResolver.getClusterEndpoints - Resolving eureka endpoints via configuration
28-02-2026 19:03:21.912 [AsyncResolver-bootstrap-executor-%d] [-] INFO  api-gateway-c.n.d.s.r.aws.ConfigClusterResolver.getClusterEndpoints - Resolving eureka endpoints via configuration
28-02-2026 19:08:22.022 [AsyncResolver-bootstrap-executor-%d] [-] INFO  api-gateway-c.n.d.s.r.aws.ConfigClusterResolver.getClusterEndpoints - Resolving eureka endpoints via configuration
28-02-2026 19:13:22.091 [AsyncResolver-bootstrap-executor-%d] [-] INFO  api-gateway-c.n.d.s.r.aws.ConfigClusterResolver.getClusterEndpoints - Resolving eureka endpoints via configuration
28-02-2026 19:18:22.167 [AsyncResolver-bootstrap-executor-%d] [-] INFO  api-gateway-c.n.d.s.r.aws.ConfigClusterResolver.getClusterEndpoints - Resolving eureka endpoints via configuration
28-02-2026 19:23:22.256 [AsyncResolver-bootstrap-executor-%d] [-] INFO  api-gateway-c.n.d.s.r.aws.ConfigClusterResolver.getClusterEndpoints - Resolving eureka endpoints via configuration
28-02-2026 19:28:22.325 [AsyncResolver-bootstrap-executor-%d] [-] INFO  api-gateway-c.n.d.s.r.aws.ConfigClusterResolver.getClusterEndpoints - Resolving eureka endpoints via configuration
28-02-2026 19:33:22.423 [AsyncResolver-bootstrap-executor-%d] [-] INFO  api-gateway-c.n.d.s.r.aws.ConfigClusterResolver.getClusterEndpoints - Resolving eureka endpoints via configuration
28-02-2026 19:38:22.511 [AsyncResolver-bootstrap-executor-%d] [-] INFO  api-gateway-c.n.d.s.r.aws.ConfigClusterResolver.getClusterEndpoints - Resolving eureka endpoints via configuration
28-02-2026 19:43:22.603 [AsyncResolver-bootstrap-executor-%d] [-] INFO  api-gateway-c.n.d.s.r.aws.ConfigClusterResolver.getClusterEndpoints - Resolving eureka endpoints via configuration
28-02-2026 19:48:22.701 [AsyncResolver-bootstrap-executor-%d] [-] INFO  api-gateway-c.n.d.s.r.aws.ConfigClusterResolver.getClusterEndpoints - Resolving eureka endpoints via configuration
28-02-2026 19:53:22.867 [AsyncResolver-bootstrap-executor-%d] [-] INFO  api-gateway-c.n.d.s.r.aws.ConfigClusterResolver.getClusterEndpoints - Resolving eureka endpoints via configuration
28-02-2026 19:58:22.925 [AsyncResolver-bootstrap-executor-%d] [-] INFO  api-gateway-c.n.d.s.r.aws.ConfigClusterResolver.getClusterEndpoints - Resolving eureka endpoints via configuration
28-02-2026 20:03:22.952 [AsyncResolver-bootstrap-executor-%d] [-] INFO  api-gateway-c.n.d.s.r.aws.ConfigClusterResolver.getClusterEndpoints - Resolving eureka endpoints via configuration
28-02-2026 20:08:22.991 [AsyncResolver-bootstrap-executor-%d] [-] INFO  api-gateway-c.n.d.s.r.aws.ConfigClusterResolver.getClusterEndpoints - Resolving eureka endpoints via configuration
28-02-2026 20:13:23.053 [AsyncResolver-bootstrap-executor-%d] [-] INFO  api-gateway-c.n.d.s.r.aws.ConfigClusterResolver.getClusterEndpoints - Resolving eureka endpoints via configuration
28-02-2026 20:18:23.131 [AsyncResolver-bootstrap-executor-%d] [-] INFO  api-gateway-c.n.d.s.r.aws.ConfigClusterResolver.getClusterEndpoints - Resolving eureka endpoints via configuration
28-02-2026 20:23:23.215 [AsyncResolver-bootstrap-executor-%d] [-] INFO  api-gateway-c.n.d.s.r.aws.ConfigClusterResolver.getClusterEndpoints - Resolving eureka endpoints via configuration
28-02-2026 20:28:23.298 [AsyncResolver-bootstrap-executor-%d] [-] INFO  api-gateway-c.n.d.s.r.aws.ConfigClusterResolver.getClusterEndpoints - Resolving eureka endpoints via configuration
28-02-2026 22:59:03.722 [AsyncResolver-bootstrap-executor-%d] [-] INFO  api-gateway-c.n.d.s.r.aws.ConfigClusterResolver.getClusterEndpoints - Resolving eureka endpoints via configuration
28-02-2026 23:04:03.967 [AsyncResolver-bootstrap-executor-%d] [-] INFO  api-gateway-c.n.d.s.r.aws.ConfigClusterResolver.getClusterEndpoints - Resolving eureka endpoints via configuration
28-02-2026 23:09:04.037 [AsyncResolver-bootstrap-executor-%d] [-] INFO  api-gateway-c.n.d.s.r.aws.ConfigClusterResolver.getClusterEndpoints - Resolving eureka endpoints via configuration
28-02-2026 23:14:04.113 [AsyncResolver-bootstrap-executor-%d] [-] INFO  api-gateway-c.n.d.s.r.aws.ConfigClusterResolver.getClusterEndpoints - Resolving eureka endpoints via configuration
28-02-2026 23:19:04.188 [AsyncResolver-bootstrap-executor-%d] [-] INFO  api-gateway-c.n.d.s.r.aws.ConfigClusterResolver.getClusterEndpoints - Resolving eureka endpoints via configuration
28-02-2026 23:24:04.243 [AsyncResolver-bootstrap-executor-%d] [-] INFO  api-gateway-c.n.d.s.r.aws.ConfigClusterResolver.getClusterEndpoints - Resolving eureka endpoints via configuration
28-02-2026 23:29:04.332 [AsyncResolver-bootstrap-executor-%d] [-] INFO  api-gateway-c.n.d.s.r.aws.ConfigClusterResolver.getClusterEndpoints - Resolving eureka endpoints via configuration
28-02-2026 23:34:04.434 [AsyncResolver-bootstrap-executor-%d] [-] INFO  api-gateway-c.n.d.s.r.aws.ConfigClusterResolver.getClusterEndpoints - Resolving eureka endpoints via configuration
28-02-2026 23:39:04.595 [AsyncResolver-bootstrap-executor-%d] [-] INFO  api-gateway-c.n.d.s.r.aws.ConfigClusterResolver.getClusterEndpoints - Resolving eureka endpoints via configuration
28-02-2026 23:44:04.716 [AsyncResolver-bootstrap-executor-%d] [-] INFO  api-gateway-c.n.d.s.r.aws.ConfigClusterResolver.getClusterEndpoints - Resolving eureka endpoints via configuration
28-02-2026 23:49:04.825 [AsyncResolver-bootstrap-executor-%d] [-] INFO  api-gateway-c.n.d.s.r.aws.ConfigClusterResolver.getClusterEndpoints - Resolving eureka endpoints via configuration
28-02-2026 23:54:04.912 [AsyncResolver-bootstrap-executor-%d] [-] INFO  api-gateway-c.n.d.s.r.aws.ConfigClusterResolver.getClusterEndpoints - Resolving eureka endpoints via configuration
28-02-2026 23:59:04.977 [AsyncResolver-bootstrap-executor-%d] [-] INFO  api-gateway-c.n.d.s.r.aws.ConfigClusterResolver.getClusterEndpoints - Resolving eureka endpoints via configuration
