28-02-2026 15:48:20.842 [main] [-] INFO  inventory-service-c.m.i.InventoryServiceApplication.logStarting - Starting InventoryServiceApplication using Java 23 with PID 20584 (C:\Spring\eCommerce_\inventory-service\target\classes started by hp in C:\Spring\eCommerce_)
28-02-2026 15:48:20.900 [main] [-] INFO  inventory-service-c.m.i.InventoryServiceApplication.logStartupProfileInfo - No active profile set, falling back to 1 default profile: "default"
28-02-2026 15:48:21.227 [main] [-] INFO  inventory-service-o.s.c.c.c.ConfigServerConfigDataLoader.log - Fetching config from server at : http://localhost:8888
28-02-2026 15:48:21.245 [main] [-] INFO  inventory-service-o.s.c.c.c.ConfigServerConfigDataLoader.log - Located environment: name=inventory-service, profiles=[default], label=null, version=2fc7e0e9cc8fe58af53ab266befadaa2c6905193, state=
28-02-2026 15:48:24.239 [main] [-] INFO  inventory-service-o.s.d.r.c.RepositoryConfigurationDelegate.registerRepositoriesIn - Bootstrapping Spring Data JPA repositories in DEFAULT mode.
28-02-2026 15:48:24.520 [main] [-] INFO  inventory-service-o.s.d.r.c.RepositoryConfigurationDelegate.registerRepositoriesIn - Finished Spring Data repository scanning in 255 ms. Found 1 JPA repository interface.
28-02-2026 15:48:25.469 [main] [-] INFO  inventory-service-o.s.cloud.context.scope.GenericScope.setSerializationId - BeanFactory id=1e552cfa-7098-3628-ad55-0fb5da35d8d9
28-02-2026 15:48:26.913 [main] [-] INFO  inventory-service-o.s.boot.tomcat.TomcatWebServer.initialize - Tomcat initialized with port 9010 (http)
28-02-2026 15:48:26.975 [main] [-] INFO  inventory-service-o.a.coyote.http11.Http11NioProtocol.log - Initializing ProtocolHandler ["http-nio-9010"]
28-02-2026 15:48:26.983 [main] [-] INFO  inventory-service-o.a.catalina.core.StandardService.log - Starting service [Tomcat]
28-02-2026 15:48:26.985 [main] [-] INFO  inventory-service-o.a.catalina.core.StandardEngine.log - Starting Servlet engine: [Apache Tomcat/11.0.15]
28-02-2026 15:48:27.278 [main] [-] INFO  inventory-service-o.s.b.w.c.s.WebApplicationContextInitializer.prepareWebApplicationContext - Root WebApplicationContext: initialization completed in 6018 ms
28-02-2026 15:48:28.384 [main] [-] INFO  inventory-service-org.hibernate.orm.jpa.logPersistenceUnitInformation - HHH008540: Processing PersistenceUnitInfo [name: default]
28-02-2026 15:48:28.636 [main] [-] INFO  inventory-service-org.hibernate.orm.core.logVersion - HHH000001: Hibernate ORM core version 7.2.1.Final
28-02-2026 15:48:30.017 [main] [-] INFO  inventory-service-o.s.o.j.p.SpringPersistenceUnitInfo.addTransformer - No LoadTimeWeaver setup: ignoring JPA class transformer
28-02-2026 15:48:30.120 [main] [-] INFO  inventory-service-com.zaxxer.hikari.HikariDataSource.getConnection - HikariPool-1 - Starting...
28-02-2026 15:48:30.472 [main] [-] INFO  inventory-service-com.zaxxer.hikari.pool.HikariPool.checkFailFast - HikariPool-1 - Added connection org.postgresql.jdbc.PgConnection@106b476a
28-02-2026 15:48:30.474 [main] [-] INFO  inventory-service-com.zaxxer.hikari.HikariDataSource.getConnection - HikariPool-1 - Start completed.
28-02-2026 15:48:30.758 [main] [-] INFO  inventory-service-o.hibernate.orm.connections.pooling.logConnectionInfo - HHH10001005: Database info:
	Database JDBC URL [jdbc:postgresql://localhost:5432/inventoryDB]
	Database driver: PostgreSQL JDBC Driver
	Database dialect: PostgreSQLDialect
	Database version: 18.0
	Default catalog/schema: inventoryDB/public
	Autocommit mode: undefined/unknown
	Isolation level: READ_COMMITTED [default READ_COMMITTED]
	JDBC fetch size: none
	Pool: DataSourceConnectionProvider
	Minimum pool size: undefined/unknown
	Maximum pool size: undefined/unknown
28-02-2026 15:48:33.216 [main] [-] INFO  inventory-service-org.hibernate.orm.core.initiateService - HHH000489: No JTA platform available (set 'hibernate.transaction.jta.platform' to enable JTA platform integration)
28-02-2026 15:48:33.588 [main] [-] INFO  inventory-service-o.s.o.j.LocalContainerEntityManagerFactoryBean.buildNativeEntityManagerFactory - Initialized JPA EntityManagerFactory for persistence unit 'default'
28-02-2026 15:48:33.812 [main] [-] INFO  inventory-service-o.s.d.j.r.q.QueryEnhancerFactories.<clinit> - Hibernate is in classpath; If applicable, HQL parser will be used.
28-02-2026 15:48:35.011 [main] [-] WARN  inventory-service-o.s.b.j.a.JpaBaseConfiguration$JpaWebConfiguration.openEntityManagerInViewInterceptor - spring.jpa.open-in-view is enabled by default. Therefore, database queries may be performed during view rendering. Explicitly configure spring.jpa.open-in-view to disable this warning
28-02-2026 15:48:36.376 [main] [-] INFO  inventory-service-o.s.c.n.e.c.DiscoveryClientOptionalArgsConfiguration.restClientDiscoveryClientOptionalArgs - Eureka HTTP Client uses RestClient.
28-02-2026 15:48:36.492 [main] [-] WARN  inventory-service-o.s.c.l.c.LoadBalancerCacheAutoConfiguration$LoadBalancerCaffeineWarnLogger.afterPropertiesSet - Spring Cloud LoadBalancer is currently working with the default cache. While this cache implementation is useful for development and tests, it's recommended to use Caffeine cache in production.You can switch to using Caffeine cache, by adding it and org.springframework.cache.caffeine.CaffeineCacheManager to the classpath.
28-02-2026 15:48:36.578 [main] [-] INFO  inventory-service-o.s.b.a.e.web.EndpointLinksResolver.<init> - Exposing 1 endpoint beneath base path '/actuator'
28-02-2026 15:48:36.911 [main] [-] INFO  inventory-service-o.s.c.n.eureka.InstanceInfoFactory.create - Setting initial instance status as: STARTING
28-02-2026 15:48:36.987 [main] [-] INFO  inventory-service-c.netflix.discovery.DiscoveryClient.<init> - Initializing Eureka in region us-east-1
28-02-2026 15:48:36.999 [main] [-] INFO  inventory-service-c.n.d.s.r.aws.ConfigClusterResolver.getClusterEndpoints - Resolving eureka endpoints via configuration
28-02-2026 15:48:37.029 [main] [-] INFO  inventory-service-c.netflix.discovery.DiscoveryClient.fetchRegistry - Disable delta property : false
28-02-2026 15:48:37.031 [main] [-] INFO  inventory-service-c.netflix.discovery.DiscoveryClient.fetchRegistry - Single vip registry refresh property : null
28-02-2026 15:48:37.032 [main] [-] INFO  inventory-service-c.netflix.discovery.DiscoveryClient.fetchRegistry - Force full registry fetch : false
28-02-2026 15:48:37.032 [main] [-] INFO  inventory-service-c.netflix.discovery.DiscoveryClient.fetchRegistry - Application is null : false
28-02-2026 15:48:37.033 [main] [-] INFO  inventory-service-c.netflix.discovery.DiscoveryClient.fetchRegistry - Registered Applications size is zero : true
28-02-2026 15:48:37.034 [main] [-] INFO  inventory-service-c.netflix.discovery.DiscoveryClient.fetchRegistry - Application version is -1: true
28-02-2026 15:48:37.035 [main] [-] INFO  inventory-service-c.netflix.discovery.DiscoveryClient.getAndStoreFullRegistry - Getting all instance registry info from the eureka server
28-02-2026 15:48:37.541 [main] [-] INFO  inventory-service-c.netflix.discovery.DiscoveryClient.getAndStoreFullRegistry - The response status is 200
28-02-2026 15:48:37.544 [main] [-] INFO  inventory-service-c.netflix.discovery.DiscoveryClient.initScheduledTasks - Starting heartbeat executor: renew interval is: 30
28-02-2026 15:48:37.548 [main] [-] INFO  inventory-service-c.n.discovery.InstanceInfoReplicator.<init> - InstanceInfoReplicator onDemand update allowed rate per min is 4
28-02-2026 15:48:37.550 [main] [-] INFO  inventory-service-c.netflix.discovery.DiscoveryClient.<init> - Discovery Client initialized at timestamp 1772273917550 with initial instances count: 2
28-02-2026 15:48:37.558 [main] [-] INFO  inventory-service-o.s.c.n.e.s.EurekaServiceRegistry.register - Registering application INVENTORY-SERVICE with eureka with status UP
28-02-2026 15:48:37.560 [main] [-] INFO  inventory-service-c.netflix.discovery.DiscoveryClient.notify - Saw local status change event StatusChangeEvent [timestamp=1772273917560, current=UP, previous=STARTING]
28-02-2026 15:48:37.562 [DiscoveryClient-InstanceInfoReplicator-%d] [-] INFO  inventory-service-c.netflix.discovery.DiscoveryClient.register - DiscoveryClient_INVENTORY-SERVICE/DESKTOP-H3FHSHP.mshome.net:inventory-service:9010: registering service...
28-02-2026 15:48:37.563 [main] [-] INFO  inventory-service-o.a.coyote.http11.Http11NioProtocol.log - Starting ProtocolHandler ["http-nio-9010"]
28-02-2026 15:48:37.608 [main] [-] INFO  inventory-service-o.s.boot.tomcat.TomcatWebServer.start - Tomcat started on port 9010 (http) with context path '/inventory'
28-02-2026 15:48:37.613 [main] [-] INFO  inventory-service-o.s.c.n.e.s.EurekaAutoServiceRegistration.onApplicationEvent - Updating port to 9010
28-02-2026 15:48:37.667 [main] [-] INFO  inventory-service-c.m.i.InventoryServiceApplication.logStarted - Started InventoryServiceApplication in 24.795 seconds (process running for 27.926)
28-02-2026 15:48:37.670 [DiscoveryClient-InstanceInfoReplicator-%d] [-] INFO  inventory-service-c.netflix.discovery.DiscoveryClient.register - DiscoveryClient_INVENTORY-SERVICE/DESKTOP-H3FHSHP.mshome.net:inventory-service:9010 - registration status: 204
28-02-2026 15:53:37.082 [AsyncResolver-bootstrap-executor-%d] [-] INFO  inventory-service-c.n.d.s.r.aws.ConfigClusterResolver.getClusterEndpoints - Resolving eureka endpoints via configuration
28-02-2026 15:58:37.158 [AsyncResolver-bootstrap-executor-%d] [-] INFO  inventory-service-c.n.d.s.r.aws.ConfigClusterResolver.getClusterEndpoints - Resolving eureka endpoints via configuration
28-02-2026 16:03:37.232 [AsyncResolver-bootstrap-executor-%d] [-] INFO  inventory-service-c.n.d.s.r.aws.ConfigClusterResolver.getClusterEndpoints - Resolving eureka endpoints via configuration
28-02-2026 16:08:37.393 [AsyncResolver-bootstrap-executor-%d] [-] INFO  inventory-service-c.n.d.s.r.aws.ConfigClusterResolver.getClusterEndpoints - Resolving eureka endpoints via configuration
28-02-2026 16:13:37.447 [AsyncResolver-bootstrap-executor-%d] [-] INFO  inventory-service-c.n.d.s.r.aws.ConfigClusterResolver.getClusterEndpoints - Resolving eureka endpoints via configuration
28-02-2026 16:18:37.518 [AsyncResolver-bootstrap-executor-%d] [-] INFO  inventory-service-c.n.d.s.r.aws.ConfigClusterResolver.getClusterEndpoints - Resolving eureka endpoints via configuration
28-02-2026 16:23:37.617 [AsyncResolver-bootstrap-executor-%d] [-] INFO  inventory-service-c.n.d.s.r.aws.ConfigClusterResolver.getClusterEndpoints - Resolving eureka endpoints via configuration
28-02-2026 16:28:37.680 [AsyncResolver-bootstrap-executor-%d] [-] INFO  inventory-service-c.n.d.s.r.aws.ConfigClusterResolver.getClusterEndpoints - Resolving eureka endpoints via configuration
28-02-2026 16:33:37.754 [AsyncResolver-bootstrap-executor-%d] [-] INFO  inventory-service-c.n.d.s.r.aws.ConfigClusterResolver.getClusterEndpoints - Resolving eureka endpoints via configuration
28-02-2026 16:38:37.823 [AsyncResolver-bootstrap-executor-%d] [-] INFO  inventory-service-c.n.d.s.r.aws.ConfigClusterResolver.getClusterEndpoints - Resolving eureka endpoints via configuration
28-02-2026 16:43:37.904 [AsyncResolver-bootstrap-executor-%d] [-] INFO  inventory-service-c.n.d.s.r.aws.ConfigClusterResolver.getClusterEndpoints - Resolving eureka endpoints via configuration
28-02-2026 16:48:37.985 [AsyncResolver-bootstrap-executor-%d] [-] INFO  inventory-service-c.n.d.s.r.aws.ConfigClusterResolver.getClusterEndpoints - Resolving eureka endpoints via configuration
28-02-2026 16:53:38.087 [AsyncResolver-bootstrap-executor-%d] [-] INFO  inventory-service-c.n.d.s.r.aws.ConfigClusterResolver.getClusterEndpoints - Resolving eureka endpoints via configuration
28-02-2026 16:58:38.167 [AsyncResolver-bootstrap-executor-%d] [-] INFO  inventory-service-c.n.d.s.r.aws.ConfigClusterResolver.getClusterEndpoints - Resolving eureka endpoints via configuration
28-02-2026 17:03:38.241 [AsyncResolver-bootstrap-executor-%d] [-] INFO  inventory-service-c.n.d.s.r.aws.ConfigClusterResolver.getClusterEndpoints - Resolving eureka endpoints via configuration
28-02-2026 17:08:38.317 [AsyncResolver-bootstrap-executor-%d] [-] INFO  inventory-service-c.n.d.s.r.aws.ConfigClusterResolver.getClusterEndpoints - Resolving eureka endpoints via configuration
28-02-2026 17:13:38.569 [AsyncResolver-bootstrap-executor-%d] [-] INFO  inventory-service-c.n.d.s.r.aws.ConfigClusterResolver.getClusterEndpoints - Resolving eureka endpoints via configuration
28-02-2026 17:18:39.156 [AsyncResolver-bootstrap-executor-%d] [-] INFO  inventory-service-c.n.d.s.r.aws.ConfigClusterResolver.getClusterEndpoints - Resolving eureka endpoints via configuration
28-02-2026 17:23:39.250 [AsyncResolver-bootstrap-executor-%d] [-] INFO  inventory-service-c.n.d.s.r.aws.ConfigClusterResolver.getClusterEndpoints - Resolving eureka endpoints via configuration
28-02-2026 17:28:39.325 [AsyncResolver-bootstrap-executor-%d] [-] INFO  inventory-service-c.n.d.s.r.aws.ConfigClusterResolver.getClusterEndpoints - Resolving eureka endpoints via configuration
28-02-2026 17:33:39.444 [AsyncResolver-bootstrap-executor-%d] [-] INFO  inventory-service-c.n.d.s.r.aws.ConfigClusterResolver.getClusterEndpoints - Resolving eureka endpoints via configuration
28-02-2026 17:38:39.543 [AsyncResolver-bootstrap-executor-%d] [-] INFO  inventory-service-c.n.d.s.r.aws.ConfigClusterResolver.getClusterEndpoints - Resolving eureka endpoints via configuration
28-02-2026 17:43:39.605 [AsyncResolver-bootstrap-executor-%d] [-] INFO  inventory-service-c.n.d.s.r.aws.ConfigClusterResolver.getClusterEndpoints - Resolving eureka endpoints via configuration
28-02-2026 17:48:39.666 [AsyncResolver-bootstrap-executor-%d] [-] INFO  inventory-service-c.n.d.s.r.aws.ConfigClusterResolver.getClusterEndpoints - Resolving eureka endpoints via configuration
28-02-2026 17:53:39.814 [AsyncResolver-bootstrap-executor-%d] [-] INFO  inventory-service-c.n.d.s.r.aws.ConfigClusterResolver.getClusterEndpoints - Resolving eureka endpoints via configuration
28-02-2026 17:58:39.908 [AsyncResolver-bootstrap-executor-%d] [-] INFO  inventory-service-c.n.d.s.r.aws.ConfigClusterResolver.getClusterEndpoints - Resolving eureka endpoints via configuration
28-02-2026 18:03:39.952 [AsyncResolver-bootstrap-executor-%d] [-] INFO  inventory-service-c.n.d.s.r.aws.ConfigClusterResolver.getClusterEndpoints - Resolving eureka endpoints via configuration
28-02-2026 18:08:40.026 [AsyncResolver-bootstrap-executor-%d] [-] INFO  inventory-service-c.n.d.s.r.aws.ConfigClusterResolver.getClusterEndpoints - Resolving eureka endpoints via configuration
28-02-2026 18:13:40.058 [AsyncResolver-bootstrap-executor-%d] [-] INFO  inventory-service-c.n.d.s.r.aws.ConfigClusterResolver.getClusterEndpoints - Resolving eureka endpoints via configuration
28-02-2026 18:18:40.129 [AsyncResolver-bootstrap-executor-%d] [-] INFO  inventory-service-c.n.d.s.r.aws.ConfigClusterResolver.getClusterEndpoints - Resolving eureka endpoints via configuration
28-02-2026 18:23:40.177 [AsyncResolver-bootstrap-executor-%d] [-] INFO  inventory-service-c.n.d.s.r.aws.ConfigClusterResolver.getClusterEndpoints - Resolving eureka endpoints via configuration
28-02-2026 18:28:40.230 [AsyncResolver-bootstrap-executor-%d] [-] INFO  inventory-service-c.n.d.s.r.aws.ConfigClusterResolver.getClusterEndpoints - Resolving eureka endpoints via configuration
28-02-2026 18:33:40.321 [AsyncResolver-bootstrap-executor-%d] [-] INFO  inventory-service-c.n.d.s.r.aws.ConfigClusterResolver.getClusterEndpoints - Resolving eureka endpoints via configuration
28-02-2026 18:38:40.339 [AsyncResolver-bootstrap-executor-%d] [-] INFO  inventory-service-c.n.d.s.r.aws.ConfigClusterResolver.getClusterEndpoints - Resolving eureka endpoints via configuration
28-02-2026 18:43:40.394 [AsyncResolver-bootstrap-executor-%d] [-] INFO  inventory-service-c.n.d.s.r.aws.ConfigClusterResolver.getClusterEndpoints - Resolving eureka endpoints via configuration
28-02-2026 18:48:40.475 [AsyncResolver-bootstrap-executor-%d] [-] INFO  inventory-service-c.n.d.s.r.aws.ConfigClusterResolver.getClusterEndpoints - Resolving eureka endpoints via configuration
28-02-2026 18:53:40.526 [AsyncResolver-bootstrap-executor-%d] [-] INFO  inventory-service-c.n.d.s.r.aws.ConfigClusterResolver.getClusterEndpoints - Resolving eureka endpoints via configuration
28-02-2026 18:58:40.604 [AsyncResolver-bootstrap-executor-%d] [-] INFO  inventory-service-c.n.d.s.r.aws.ConfigClusterResolver.getClusterEndpoints - Resolving eureka endpoints via configuration
28-02-2026 19:03:40.697 [AsyncResolver-bootstrap-executor-%d] [-] INFO  inventory-service-c.n.d.s.r.aws.ConfigClusterResolver.getClusterEndpoints - Resolving eureka endpoints via configuration
28-02-2026 19:08:40.771 [AsyncResolver-bootstrap-executor-%d] [-] INFO  inventory-service-c.n.d.s.r.aws.ConfigClusterResolver.getClusterEndpoints - Resolving eureka endpoints via configuration
28-02-2026 19:13:40.836 [AsyncResolver-bootstrap-executor-%d] [-] INFO  inventory-service-c.n.d.s.r.aws.ConfigClusterResolver.getClusterEndpoints - Resolving eureka endpoints via configuration
28-02-2026 19:18:40.894 [AsyncResolver-bootstrap-executor-%d] [-] INFO  inventory-service-c.n.d.s.r.aws.ConfigClusterResolver.getClusterEndpoints - Resolving eureka endpoints via configuration
28-02-2026 19:23:40.958 [AsyncResolver-bootstrap-executor-%d] [-] INFO  inventory-service-c.n.d.s.r.aws.ConfigClusterResolver.getClusterEndpoints - Resolving eureka endpoints via configuration
28-02-2026 19:28:41.037 [AsyncResolver-bootstrap-executor-%d] [-] INFO  inventory-service-c.n.d.s.r.aws.ConfigClusterResolver.getClusterEndpoints - Resolving eureka endpoints via configuration
28-02-2026 19:33:41.126 [AsyncResolver-bootstrap-executor-%d] [-] INFO  inventory-service-c.n.d.s.r.aws.ConfigClusterResolver.getClusterEndpoints - Resolving eureka endpoints via configuration
28-02-2026 19:38:41.209 [AsyncResolver-bootstrap-executor-%d] [-] INFO  inventory-service-c.n.d.s.r.aws.ConfigClusterResolver.getClusterEndpoints - Resolving eureka endpoints via configuration
28-02-2026 19:43:41.277 [AsyncResolver-bootstrap-executor-%d] [-] INFO  inventory-service-c.n.d.s.r.aws.ConfigClusterResolver.getClusterEndpoints - Resolving eureka endpoints via configuration
28-02-2026 19:48:41.331 [AsyncResolver-bootstrap-executor-%d] [-] INFO  inventory-service-c.n.d.s.r.aws.ConfigClusterResolver.getClusterEndpoints - Resolving eureka endpoints via configuration
28-02-2026 19:53:41.394 [AsyncResolver-bootstrap-executor-%d] [-] INFO  inventory-service-c.n.d.s.r.aws.ConfigClusterResolver.getClusterEndpoints - Resolving eureka endpoints via configuration
28-02-2026 19:58:41.488 [AsyncResolver-bootstrap-executor-%d] [-] INFO  inventory-service-c.n.d.s.r.aws.ConfigClusterResolver.getClusterEndpoints - Resolving eureka endpoints via configuration
28-02-2026 20:03:41.562 [AsyncResolver-bootstrap-executor-%d] [-] INFO  inventory-service-c.n.d.s.r.aws.ConfigClusterResolver.getClusterEndpoints - Resolving eureka endpoints via configuration
28-02-2026 20:08:41.624 [AsyncResolver-bootstrap-executor-%d] [-] INFO  inventory-service-c.n.d.s.r.aws.ConfigClusterResolver.getClusterEndpoints - Resolving eureka endpoints via configuration
28-02-2026 20:13:41.696 [AsyncResolver-bootstrap-executor-%d] [-] INFO  inventory-service-c.n.d.s.r.aws.ConfigClusterResolver.getClusterEndpoints - Resolving eureka endpoints via configuration
28-02-2026 20:18:41.834 [AsyncResolver-bootstrap-executor-%d] [-] INFO  inventory-service-c.n.d.s.r.aws.ConfigClusterResolver.getClusterEndpoints - Resolving eureka endpoints via configuration
28-02-2026 20:23:41.904 [AsyncResolver-bootstrap-executor-%d] [-] INFO  inventory-service-c.n.d.s.r.aws.ConfigClusterResolver.getClusterEndpoints - Resolving eureka endpoints via configuration
28-02-2026 20:28:41.988 [AsyncResolver-bootstrap-executor-%d] [-] INFO  inventory-service-c.n.d.s.r.aws.ConfigClusterResolver.getClusterEndpoints - Resolving eureka endpoints via configuration
28-02-2026 20:58:46.532 [HikariPool-1:housekeeper] [-] WARN  inventory-service-com.zaxxer.hikari.pool.HikariPool.run - HikariPool-1 - Thread starvation or clock leap detected (housekeeper delta=28m10s348ms661µs800ns).
28-02-2026 22:56:56.185 [HikariPool-1:housekeeper] [-] WARN  inventory-service-com.zaxxer.hikari.pool.HikariPool.run - HikariPool-1 - Thread starvation or clock leap detected (housekeeper delta=1h58m9s789ms872µs).
28-02-2026 22:59:22.467 [AsyncResolver-bootstrap-executor-%d] [-] INFO  inventory-service-c.n.d.s.r.aws.ConfigClusterResolver.getClusterEndpoints - Resolving eureka endpoints via configuration
28-02-2026 23:04:24.765 [AsyncResolver-bootstrap-executor-%d] [-] INFO  inventory-service-c.n.d.s.r.aws.ConfigClusterResolver.getClusterEndpoints - Resolving eureka endpoints via configuration
28-02-2026 23:09:24.900 [AsyncResolver-bootstrap-executor-%d] [-] INFO  inventory-service-c.n.d.s.r.aws.ConfigClusterResolver.getClusterEndpoints - Resolving eureka endpoints via configuration
28-02-2026 23:14:25.023 [AsyncResolver-bootstrap-executor-%d] [-] INFO  inventory-service-c.n.d.s.r.aws.ConfigClusterResolver.getClusterEndpoints - Resolving eureka endpoints via configuration
28-02-2026 23:19:25.116 [AsyncResolver-bootstrap-executor-%d] [-] INFO  inventory-service-c.n.d.s.r.aws.ConfigClusterResolver.getClusterEndpoints - Resolving eureka endpoints via configuration
28-02-2026 23:24:25.216 [AsyncResolver-bootstrap-executor-%d] [-] INFO  inventory-service-c.n.d.s.r.aws.ConfigClusterResolver.getClusterEndpoints - Resolving eureka endpoints via configuration
28-02-2026 23:29:25.325 [AsyncResolver-bootstrap-executor-%d] [-] INFO  inventory-service-c.n.d.s.r.aws.ConfigClusterResolver.getClusterEndpoints - Resolving eureka endpoints via configuration
28-02-2026 23:34:25.401 [AsyncResolver-bootstrap-executor-%d] [-] INFO  inventory-service-c.n.d.s.r.aws.ConfigClusterResolver.getClusterEndpoints - Resolving eureka endpoints via configuration
28-02-2026 23:39:25.535 [AsyncResolver-bootstrap-executor-%d] [-] INFO  inventory-service-c.n.d.s.r.aws.ConfigClusterResolver.getClusterEndpoints - Resolving eureka endpoints via configuration
28-02-2026 23:44:25.676 [AsyncResolver-bootstrap-executor-%d] [-] INFO  inventory-service-c.n.d.s.r.aws.ConfigClusterResolver.getClusterEndpoints - Resolving eureka endpoints via configuration
28-02-2026 23:49:25.773 [AsyncResolver-bootstrap-executor-%d] [-] INFO  inventory-service-c.n.d.s.r.aws.ConfigClusterResolver.getClusterEndpoints - Resolving eureka endpoints via configuration
28-02-2026 23:54:25.854 [AsyncResolver-bootstrap-executor-%d] [-] INFO  inventory-service-c.n.d.s.r.aws.ConfigClusterResolver.getClusterEndpoints - Resolving eureka endpoints via configuration
28-02-2026 23:59:25.956 [AsyncResolver-bootstrap-executor-%d] [-] INFO  inventory-service-c.n.d.s.r.aws.ConfigClusterResolver.getClusterEndpoints - Resolving eureka endpoints via configuration
